<?xml version="1.0" encoding="UTF-8"?>
<!-- Generated by org.testng.reporters.JUnitReportReporter -->
<testsuite hostname="DESKTOP-HRGUEQ0" failures="0" tests="1" name="practice_test.Sample1Test" time="0.003" errors="0" timestamp="2022-11-25T10:34:08 IST" skipped="0">
  <testcase classname="practice_test.Sample1Test" name="tc1" time="0.003"/>
  <system-out/>
</testsuite> <!-- practice_test.Sample1Test -->
